mode: set
github.com/nabishec/ozon_habr_api/internal/handlers/comment_mutation/mutations.go:16.81,18.2 1 0
github.com/nabishec/ozon_habr_api/internal/handlers/comment_mutation/mutations.go:20.127,25.62 3 1
github.com/nabishec/ozon_habr_api/internal/handlers/comment_mutation/mutations.go:25.62,27.3 1 1
github.com/nabishec/ozon_habr_api/internal/handlers/comment_mutation/mutations.go:29.2,30.16 2 1
github.com/nabishec/ozon_habr_api/internal/handlers/comment_mutation/mutations.go:30.16,31.111 1 1
github.com/nabishec/ozon_habr_api/internal/handlers/comment_mutation/mutations.go:31.111,33.4 1 1
github.com/nabishec/ozon_habr_api/internal/handlers/comment_mutation/mutations.go:34.3,34.43 1 0
github.com/nabishec/ozon_habr_api/internal/handlers/comment_mutation/mutations.go:37.2,38.21 2 1
github.com/nabishec/ozon_habr_api/internal/handlers/comment_query/query.go:17.69,19.2 1 0
github.com/nabishec/ozon_habr_api/internal/handlers/comment_query/query.go:21.122,27.16 4 1
github.com/nabishec/ozon_habr_api/internal/handlers/comment_query/query.go:27.16,28.69 1 1
github.com/nabishec/ozon_habr_api/internal/handlers/comment_query/query.go:28.69,30.4 1 1
github.com/nabishec/ozon_habr_api/internal/handlers/comment_query/query.go:31.3,31.43 1 1
github.com/nabishec/ozon_habr_api/internal/handlers/comment_query/query.go:34.2,35.22 2 1
github.com/nabishec/ozon_habr_api/internal/handlers/comment_query/query.go:38.95,44.16 4 1
github.com/nabishec/ozon_habr_api/internal/handlers/comment_query/query.go:44.16,45.38 1 1
github.com/nabishec/ozon_habr_api/internal/handlers/comment_query/query.go:45.38,47.4 1 1
github.com/nabishec/ozon_habr_api/internal/handlers/comment_query/query.go:48.3,48.42 1 1
github.com/nabishec/ozon_habr_api/internal/handlers/comment_query/query.go:51.2,53.18 2 1
github.com/nabishec/ozon_habr_api/internal/handlers/post_mutation/mutations.go:17.56,19.2 1 0
github.com/nabishec/ozon_habr_api/internal/handlers/post_mutation/mutations.go:21.98,28.16 4 1
github.com/nabishec/ozon_habr_api/internal/handlers/post_mutation/mutations.go:28.16,30.3 1 1
github.com/nabishec/ozon_habr_api/internal/handlers/post_mutation/mutations.go:32.2,33.18 2 1
github.com/nabishec/ozon_habr_api/internal/handlers/post_mutation/mutations.go:36.148,43.16 4 1
github.com/nabishec/ozon_habr_api/internal/handlers/post_mutation/mutations.go:43.16,44.71 1 1
github.com/nabishec/ozon_habr_api/internal/handlers/post_mutation/mutations.go:44.71,46.4 1 1
github.com/nabishec/ozon_habr_api/internal/handlers/post_mutation/mutations.go:47.3,47.43 1 1
github.com/nabishec/ozon_habr_api/internal/handlers/post_mutation/mutations.go:50.2,51.18 2 1
github.com/nabishec/ozon_habr_api/internal/handlers/post_query/query.go:16.57,18.2 1 0
github.com/nabishec/ozon_habr_api/internal/handlers/post_query/query.go:20.77,27.16 4 1
github.com/nabishec/ozon_habr_api/internal/handlers/post_query/query.go:27.16,28.35 1 1
github.com/nabishec/ozon_habr_api/internal/handlers/post_query/query.go:28.35,30.4 1 1
github.com/nabishec/ozon_habr_api/internal/handlers/post_query/query.go:31.3,31.43 1 1
github.com/nabishec/ozon_habr_api/internal/handlers/post_query/query.go:34.2,35.19 2 1
github.com/nabishec/ozon_habr_api/internal/handlers/post_query/query.go:38.85,45.16 4 1
github.com/nabishec/ozon_habr_api/internal/handlers/post_query/query.go:45.16,46.34 1 1
github.com/nabishec/ozon_habr_api/internal/handlers/post_query/query.go:46.34,48.4 1 1
github.com/nabishec/ozon_habr_api/internal/handlers/post_query/query.go:49.3,49.43 1 1
github.com/nabishec/ozon_habr_api/internal/handlers/post_query/query.go:52.2,53.18 2 1
